<?xml version="1.0" encoding="UTF-8"?>
<testsuite xmlns:xsi="http://www.w3.org/2001/XMLSchema-instance" xsi:noNamespaceSchemaLocation="https://maven.apache.org/surefire/maven-surefire-plugin/xsd/surefire-test-report-3.0.xsd" version="3.0" name="com.hackathon.user_service.UserServiceApplicationTests" time="20.057" tests="1" errors="0" skipped="0" failures="0">
  <properties>
[...]
</properties>
  <testcase name="contextLoads" classname="com.hackathon.user_service.UserServiceApplicationTests" time="1.158">
    <system-out><![CDATA[13:12:11.962 [main] INFO org.springframework.test.context.support.AnnotationConfigContextLoaderUtils -- Could not detect default configuration classes for test class [com.hackathon.user_service.UserServiceApplicationTests]: UserServiceApplicationTests does not declare any static, non-private, non-final, nested classes annotated with @Configuration.
13:12:12.245 [main] INFO org.springframework.boot.test.context.SpringBootTestContextBootstrapper -- Found @SpringBootConfiguration com.hackathon.user_service.UserServiceApplication for test class com.hackathon.user_service.UserServiceApplicationTests

  .   ____          _            __ _ _
 /\\ / ___'_ __ _ _(_)_ __  __ _ \ \ \ \
( ( )\___ | '_ | '_| | '_ \/ _` | \ \ \ \
 \\/  ___)| |_)| | | | | || (_| |  ) ) ) )
  '  |____| .__|_| |_|_| |_\__, | / / / /
 =========|_|==============|___/=/_/_/_/

 :: Spring Boot ::                (v3.3.4)

2024-10-15T13:12:13.817+01:00  INFO 19300 --- [user-service] [           main] c.h.u.UserServiceApplicationTests        : Starting UserServiceApplicationTests using Java 17.0.9 with PID 19300 (started by User in C:\Users\User\Desktop\spendsense\user-service)
2024-10-15T13:12:13.821+01:00  INFO 19300 --- [user-service] [           main] c.h.u.UserServiceApplicationTests        : No active profile set, falling back to 1 default profile: "default"
2024-10-15T13:12:17.094+01:00  INFO 19300 --- [user-service] [           main] .s.d.r.c.RepositoryConfigurationDelegate : Bootstrapping Spring Data JPA repositories in DEFAULT mode.
2024-10-15T13:12:17.552+01:00  INFO 19300 --- [user-service] [           main] .s.d.r.c.RepositoryConfigurationDelegate : Finished Spring Data repository scanning in 436 ms. Found 1 JPA repository interface.
2024-10-15T13:12:19.644+01:00  INFO 19300 --- [user-service] [           main] o.hibernate.jpa.internal.util.LogHelper  : HHH000204: Processing PersistenceUnitInfo [name: default]
2024-10-15T13:12:19.957+01:00  INFO 19300 --- [user-service] [           main] org.hibernate.Version                    : HHH000412: Hibernate ORM core version 6.5.3.Final
2024-10-15T13:12:20.084+01:00  INFO 19300 --- [user-service] [           main] o.h.c.internal.RegionFactoryInitiator    : HHH000026: Second-level cache disabled
2024-10-15T13:12:21.382+01:00  INFO 19300 --- [user-service] [           main] o.s.o.j.p.SpringPersistenceUnitInfo      : No LoadTimeWeaver setup: ignoring JPA class transformer
2024-10-15T13:12:21.490+01:00  INFO 19300 --- [user-service] [           main] com.zaxxer.hikari.HikariDataSource       : HikariPool-1 - Starting...
2024-10-15T13:12:22.275+01:00  INFO 19300 --- [user-service] [           main] com.zaxxer.hikari.pool.HikariPool        : HikariPool-1 - Added connection com.mysql.cj.jdbc.ConnectionImpl@64d53f0d
2024-10-15T13:12:22.281+01:00  INFO 19300 --- [user-service] [           main] com.zaxxer.hikari.HikariDataSource       : HikariPool-1 - Start completed.
2024-10-15T13:12:24.641+01:00  INFO 19300 --- [user-service] [           main] o.h.e.t.j.p.i.JtaPlatformInitiator       : HHH000489: No JTA platform available (set 'hibernate.transaction.jta.platform' to enable JTA platform integration)
2024-10-15T13:12:24.733+01:00  INFO 19300 --- [user-service] [           main] j.LocalContainerEntityManagerFactoryBean : Initialized JPA EntityManagerFactory for persistence unit 'default'
2024-10-15T13:12:26.946+01:00  WARN 19300 --- [user-service] [           main] JpaBaseConfiguration$JpaWebConfiguration : spring.jpa.open-in-view is enabled by default. Therefore, database queries may be performed during view rendering. Explicitly configure spring.jpa.open-in-view to disable this warning
2024-10-15T13:12:30.060+01:00  INFO 19300 --- [user-service] [           main] o.s.b.a.e.web.EndpointLinksResolver      : Exposing 1 endpoint beneath base path '/actuator'
2024-10-15T13:12:30.325+01:00  INFO 19300 --- [user-service] [           main] c.h.u.UserServiceApplicationTests        : Started UserServiceApplicationTests in 17.645 seconds (process running for 20.354)
]]></system-out>
  </testcase>
</testsuite>